<?xml version="1.0" encoding="UTF-8"?>
<testsuite name="MovieControllerTest" time="0.004" tests="2" errors="1" skipped="0" failures="0">
  <properties>
[...]
</properties>
  <testcase name="testMovieController" classname="MovieControllerTest" time="0"/>
  <testcase name="testMovieAdd" classname="MovieControllerTest" time="0.004">
    <error type="java.lang.NullPointerException:">java.lang.NullPointerException: null
	at com.fortinet.controller.MovieController.addMovie(MovieController.java:49)
	at MovieControllerTest.testMovieAdd(MovieControllerTest.java:20)
</error>
  </testcase>
</testsuite>